{"/Users/jeremy/Documents/dev/github/my-boilerplate/frontend/src/App.js": {"path":"/Users/jeremy/Documents/dev/github/my-boilerplate/frontend/src/App.js","statementMap":{"0":{"start":{"line":11,"column":4},"end":{"line":22,"column":6}},"1":{"start":{"line":26,"column":28},"end":{"line":37,"column":1}},"2":{"start":{"line":27,"column":2},"end":{"line":36,"column":6}},"3":{"start":{"line":28,"column":4},"end":{"line":35,"column":5}}},"fnMap":{"0":{"name":"(anonymous_0)","decl":{"start":{"line":10,"column":2},"end":{"line":10,"column":3}},"loc":{"start":{"line":10,"column":11},"end":{"line":23,"column":3}},"line":10},"1":{"name":"(anonymous_1)","decl":{"start":{"line":26,"column":28},"end":{"line":26,"column":29}},"loc":{"start":{"line":27,"column":2},"end":{"line":36,"column":6}},"line":27},"2":{"name":"(anonymous_2)","decl":{"start":{"line":27,"column":27},"end":{"line":27,"column":28}},"loc":{"start":{"line":28,"column":4},"end":{"line":35,"column":5}},"line":28}},"branchMap":{"0":{"loc":{"start":{"line":28,"column":4},"end":{"line":35,"column":5}},"type":"cond-expr","locations":[{"start":{"line":29,"column":6},"end":{"line":29,"column":36}},{"start":{"line":31,"column":6},"end":{"line":34,"column":11}}],"line":28}},"s":{"0":1,"1":1,"2":0,"3":0},"f":{"0":1,"1":0,"2":0},"b":{"0":[0,0]},"_coverageSchema":"332fd63041d2c1bcb487cc26dd0d5f7d97098a6c","hash":"b8bda249af90ee96987e05e256a8f339c220dcb2"}
,"/Users/jeremy/Documents/dev/github/my-boilerplate/frontend/src/index.js": {"path":"/Users/jeremy/Documents/dev/github/my-boilerplate/frontend/src/index.js","statementMap":{"0":{"start":{"line":1,"column":32},"end":{"line":1,"column":105}},"1":{"start":{"line":1,"column":119},"end":{"line":1,"column":135}},"2":{"start":{"line":1,"column":150},"end":{"line":1,"column":180}},"3":{"start":{"line":2,"column":16},"end":{"line":2,"column":36}},"4":{"start":{"line":2,"column":54},"end":{"line":2,"column":87}},"5":{"start":{"line":3,"column":18},"end":{"line":3,"column":40}},"6":{"start":{"line":4,"column":13},"end":{"line":4,"column":29}},"7":{"start":{"line":6,"column":16},"end":{"line":6,"column":37}},"8":{"start":{"line":6,"column":55},"end":{"line":6,"column":88}},"9":{"start":{"line":8,"column":0},"end":{"line":8,"column":23}},"10":{"start":{"line":9,"column":11},"end":{"line":9,"column":27}},"11":{"start":{"line":9,"column":40},"end":{"line":9,"column":68}},"12":{"start":{"line":10,"column":29},"end":{"line":10,"column":69}},"13":{"start":{"line":10,"column":100},"end":{"line":10,"column":146}},"14":{"start":{"line":10,"column":185},"end":{"line":10,"column":239}},"15":{"start":{"line":12,"column":22},"end":{"line":18,"column":1}},"16":{"start":{"line":13,"column":1},"end":{"line":16,"column":79}},"17":{"start":{"line":20,"column":0},"end":{"line":24,"column":33}},"18":{"start":{"line":26,"column":0},"end":{"line":26,"column":39}}},"fnMap":{"0":{"name":"_interopRequireDefault","decl":{"start":{"line":10,"column":156},"end":{"line":10,"column":178}},"loc":{"start":{"line":10,"column":184},"end":{"line":10,"column":240}},"line":10},"1":{"name":"(anonymous_1)","decl":{"start":{"line":12,"column":22},"end":{"line":12,"column":23}},"loc":{"start":{"line":12,"column":38},"end":{"line":18,"column":1}},"line":12}},"branchMap":{"0":{"loc":{"start":{"line":10,"column":192},"end":{"line":10,"column":238}},"type":"cond-expr","locations":[{"start":{"line":10,"column":216},"end":{"line":10,"column":219}},{"start":{"line":10,"column":222},"end":{"line":10,"column":238}}],"line":10},"1":{"loc":{"start":{"line":10,"column":192},"end":{"line":10,"column":213}},"type":"binary-expr","locations":[{"start":{"line":10,"column":192},"end":{"line":10,"column":195}},{"start":{"line":10,"column":199},"end":{"line":10,"column":213}}],"line":10},"2":{"loc":{"start":{"line":16,"column":1},"end":{"line":16,"column":77}},"type":"binary-expr","locations":[{"start":{"line":16,"column":1},"end":{"line":16,"column":36}},{"start":{"line":16,"column":40},"end":{"line":16,"column":77}}],"line":16}},"s":{"0":0,"1":0,"2":0,"3":0,"4":0,"5":0,"6":0,"7":0,"8":0,"9":0,"10":0,"11":0,"12":0,"13":0,"14":0,"15":0,"16":0,"17":0,"18":0},"f":{"0":0,"1":0},"b":{"0":[0,0],"1":[0,0],"2":[0,0]}}
,"/Users/jeremy/Documents/dev/github/my-boilerplate/frontend/src/actions/actionTypes.js": {"path":"/Users/jeremy/Documents/dev/github/my-boilerplate/frontend/src/actions/actionTypes.js","statementMap":{"0":{"start":{"line":1,"column":13},"end":{"line":1,"column":75}},"1":{"start":{"line":2,"column":21},"end":{"line":2,"column":58}}},"fnMap":{},"branchMap":{},"s":{"0":0,"1":0},"f":{},"b":{}}
,"/Users/jeremy/Documents/dev/github/my-boilerplate/frontend/src/actions/index.js": {"path":"/Users/jeremy/Documents/dev/github/my-boilerplate/frontend/src/actions/index.js","statementMap":{"0":{"start":{"line":1,"column":13},"end":{"line":1,"column":75}},"1":{"start":{"line":1,"column":75},"end":{"line":1,"column":102}},"2":{"start":{"line":1,"column":121},"end":{"line":1,"column":145}},"3":{"start":{"line":3,"column":15},"end":{"line":4,"column":74}},"4":{"start":{"line":4,"column":25},"end":{"line":4,"column":71}}},"fnMap":{"0":{"name":"(anonymous_0)","decl":{"start":{"line":4,"column":9},"end":{"line":4,"column":10}},"loc":{"start":{"line":4,"column":25},"end":{"line":4,"column":71}},"line":4}},"branchMap":{},"s":{"0":0,"1":0,"2":0,"3":0,"4":0},"f":{"0":0},"b":{}}
,"/Users/jeremy/Documents/dev/github/my-boilerplate/frontend/src/components/Input.js": {"path":"/Users/jeremy/Documents/dev/github/my-boilerplate/frontend/src/components/Input.js","statementMap":{"0":{"start":{"line":1,"column":13},"end":{"line":1,"column":75}},"1":{"start":{"line":1,"column":94},"end":{"line":1,"column":178}},"2":{"start":{"line":1,"column":192},"end":{"line":1,"column":208}},"3":{"start":{"line":1,"column":223},"end":{"line":1,"column":253}},"4":{"start":{"line":2,"column":18},"end":{"line":2,"column":40}},"5":{"start":{"line":3,"column":15},"end":{"line":3,"column":36}},"6":{"start":{"line":3,"column":75},"end":{"line":3,"column":129}},"7":{"start":{"line":9,"column":46},"end":{"line":9,"column":56}},"8":{"start":{"line":10,"column":2},"end":{"line":16,"column":126}},"9":{"start":{"line":16,"column":19},"end":{"line":16,"column":53}},"10":{"start":{"line":22,"column":0},"end":{"line":25,"column":50}},"11":{"start":{"line":28,"column":27},"end":{"line":29,"column":78}},"12":{"start":{"line":28,"column":40},"end":{"line":29,"column":77}},"13":{"start":{"line":29,"column":32},"end":{"line":29,"column":75}},"14":{"start":{"line":29,"column":79},"end":{"line":32,"column":58}}},"fnMap":{"0":{"name":"_interopRequireDefault","decl":{"start":{"line":3,"column":46},"end":{"line":3,"column":68}},"loc":{"start":{"line":3,"column":74},"end":{"line":3,"column":130}},"line":3},"1":{"name":"(anonymous_1)","decl":{"start":{"line":8,"column":1},"end":{"line":8,"column":2}},"loc":{"start":{"line":8,"column":10},"end":{"line":19,"column":2}},"line":8},"2":{"name":"(anonymous_2)","decl":{"start":{"line":16,"column":14},"end":{"line":16,"column":15}},"loc":{"start":{"line":16,"column":19},"end":{"line":16,"column":53}},"line":16},"3":{"name":"(anonymous_3)","decl":{"start":{"line":28,"column":27},"end":{"line":28,"column":28}},"loc":{"start":{"line":28,"column":40},"end":{"line":29,"column":77}},"line":28},"4":{"name":"(anonymous_4)","decl":{"start":{"line":29,"column":17},"end":{"line":29,"column":18}},"loc":{"start":{"line":29,"column":32},"end":{"line":29,"column":75}},"line":29}},"branchMap":{"0":{"loc":{"start":{"line":3,"column":82},"end":{"line":3,"column":128}},"type":"cond-expr","locations":[{"start":{"line":3,"column":106},"end":{"line":3,"column":109}},{"start":{"line":3,"column":112},"end":{"line":3,"column":128}}],"line":3},"1":{"loc":{"start":{"line":3,"column":82},"end":{"line":3,"column":103}},"type":"binary-expr","locations":[{"start":{"line":3,"column":82},"end":{"line":3,"column":85}},{"start":{"line":3,"column":89},"end":{"line":3,"column":103}}],"line":3}},"s":{"0":0,"1":0,"2":0,"3":0,"4":0,"5":0,"6":0,"7":0,"8":0,"9":0,"10":0,"11":0,"12":0,"13":0,"14":0},"f":{"0":0,"1":0,"2":0,"3":0,"4":0},"b":{"0":[0,0],"1":[0,0]}}
,"/Users/jeremy/Documents/dev/github/my-boilerplate/frontend/src/components/Login.js": {"path":"/Users/jeremy/Documents/dev/github/my-boilerplate/frontend/src/components/Login.js","statementMap":{"0":{"start":{"line":7,"column":2},"end":{"line":17,"column":4}}},"fnMap":{"0":{"name":"(anonymous_0)","decl":{"start":{"line":6,"column":1},"end":{"line":6,"column":2}},"loc":{"start":{"line":6,"column":10},"end":{"line":18,"column":2}},"line":6}},"branchMap":{},"s":{"0":0},"f":{"0":0},"b":{},"_coverageSchema":"332fd63041d2c1bcb487cc26dd0d5f7d97098a6c","hash":"2aac8fa26e6e65e7c5ec53dca1e938c9f1c819f1"}
,"/Users/jeremy/Documents/dev/github/my-boilerplate/frontend/src/components/Users.js": {"path":"/Users/jeremy/Documents/dev/github/my-boilerplate/frontend/src/components/Users.js","statementMap":{"0":{"start":{"line":7,"column":2},"end":{"line":7,"column":9}},"1":{"start":{"line":8,"column":2},"end":{"line":8,"column":42}},"2":{"start":{"line":9,"column":2},"end":{"line":9,"column":42}},"3":{"start":{"line":10,"column":2},"end":{"line":13,"column":3}},"4":{"start":{"line":17,"column":2},"end":{"line":17,"column":17}},"5":{"start":{"line":23,"column":2},"end":{"line":40,"column":4}},"6":{"start":{"line":31,"column":3},"end":{"line":31,"column":25}},"7":{"start":{"line":34,"column":3},"end":{"line":34,"column":20}},"8":{"start":{"line":37,"column":3},"end":{"line":37,"column":46}},"9":{"start":{"line":38,"column":3},"end":{"line":38,"column":39}},"10":{"start":{"line":39,"column":3},"end":{"line":39,"column":18}},"11":{"start":{"line":45,"column":2},"end":{"line":58,"column":4}},"12":{"start":{"line":52,"column":3},"end":{"line":52,"column":25}},"13":{"start":{"line":55,"column":3},"end":{"line":55,"column":20}},"14":{"start":{"line":57,"column":3},"end":{"line":57,"column":39}},"15":{"start":{"line":62,"column":2},"end":{"line":67,"column":4}}},"fnMap":{"0":{"name":"(anonymous_0)","decl":{"start":{"line":6,"column":1},"end":{"line":6,"column":2}},"loc":{"start":{"line":6,"column":15},"end":{"line":14,"column":2}},"line":6},"1":{"name":"(anonymous_1)","decl":{"start":{"line":16,"column":1},"end":{"line":16,"column":2}},"loc":{"start":{"line":16,"column":21},"end":{"line":18,"column":2}},"line":16},"2":{"name":"(anonymous_2)","decl":{"start":{"line":21,"column":1},"end":{"line":21,"column":2}},"loc":{"start":{"line":21,"column":12},"end":{"line":41,"column":2}},"line":21},"3":{"name":"(anonymous_3)","decl":{"start":{"line":30,"column":8},"end":{"line":30,"column":9}},"loc":{"start":{"line":30,"column":20},"end":{"line":32,"column":3}},"line":30},"4":{"name":"(anonymous_4)","decl":{"start":{"line":33,"column":8},"end":{"line":33,"column":9}},"loc":{"start":{"line":33,"column":16},"end":{"line":40,"column":3}},"line":33},"5":{"name":"(anonymous_5)","decl":{"start":{"line":44,"column":1},"end":{"line":44,"column":2}},"loc":{"start":{"line":44,"column":12},"end":{"line":59,"column":2}},"line":44},"6":{"name":"(anonymous_6)","decl":{"start":{"line":51,"column":8},"end":{"line":51,"column":9}},"loc":{"start":{"line":51,"column":20},"end":{"line":53,"column":3}},"line":51},"7":{"name":"(anonymous_7)","decl":{"start":{"line":54,"column":8},"end":{"line":54,"column":9}},"loc":{"start":{"line":54,"column":16},"end":{"line":58,"column":3}},"line":54},"8":{"name":"(anonymous_8)","decl":{"start":{"line":61,"column":1},"end":{"line":61,"column":2}},"loc":{"start":{"line":61,"column":10},"end":{"line":68,"column":2}},"line":61}},"branchMap":{"0":{"loc":{"start":{"line":65,"column":21},"end":{"line":65,"column":68}},"type":"cond-expr","locations":[{"start":{"line":65,"column":40},"end":{"line":65,"column":61}},{"start":{"line":65,"column":64},"end":{"line":65,"column":68}}],"line":65}},"s":{"0":0,"1":0,"2":0,"3":0,"4":0,"5":0,"6":0,"7":0,"8":0,"9":0,"10":0,"11":0,"12":0,"13":0,"14":0,"15":0},"f":{"0":0,"1":0,"2":0,"3":0,"4":0,"5":0,"6":0,"7":0,"8":0},"b":{"0":[0,0]},"_coverageSchema":"332fd63041d2c1bcb487cc26dd0d5f7d97098a6c","hash":"a05a1f2a64cb6aca08d565be0fcd923b11a0ac9a"}
,"/Users/jeremy/Documents/dev/github/my-boilerplate/frontend/src/pages/LoginPage.js": {"path":"/Users/jeremy/Documents/dev/github/my-boilerplate/frontend/src/pages/LoginPage.js","statementMap":{"0":{"start":{"line":7,"column":2},"end":{"line":12,"column":4}}},"fnMap":{"0":{"name":"(anonymous_0)","decl":{"start":{"line":6,"column":1},"end":{"line":6,"column":2}},"loc":{"start":{"line":6,"column":10},"end":{"line":13,"column":2}},"line":6}},"branchMap":{},"s":{"0":0},"f":{"0":0},"b":{},"_coverageSchema":"332fd63041d2c1bcb487cc26dd0d5f7d97098a6c","hash":"68b6f5a736126f69cdc69d5ce51a935516233178"}
,"/Users/jeremy/Documents/dev/github/my-boilerplate/frontend/src/pages/UsersPage.js": {"path":"/Users/jeremy/Documents/dev/github/my-boilerplate/frontend/src/pages/UsersPage.js","statementMap":{"0":{"start":{"line":7,"column":2},"end":{"line":12,"column":4}}},"fnMap":{"0":{"name":"(anonymous_0)","decl":{"start":{"line":6,"column":1},"end":{"line":6,"column":2}},"loc":{"start":{"line":6,"column":10},"end":{"line":13,"column":2}},"line":6}},"branchMap":{},"s":{"0":0},"f":{"0":0},"b":{},"_coverageSchema":"332fd63041d2c1bcb487cc26dd0d5f7d97098a6c","hash":"6076f71965e652240f57798c5319d50c1c376cfc"}
,"/Users/jeremy/Documents/dev/github/my-boilerplate/frontend/src/records/fieldRecord.js": {"path":"/Users/jeremy/Documents/dev/github/my-boilerplate/frontend/src/records/fieldRecord.js","statementMap":{"0":{"start":{"line":1,"column":13},"end":{"line":1,"column":75}},"1":{"start":{"line":1,"column":92},"end":{"line":1,"column":112}},"2":{"start":{"line":1,"column":131},"end":{"line":1,"column":165}},"3":{"start":{"line":1,"column":204},"end":{"line":1,"column":258}},"4":{"start":{"line":3,"column":20},"end":{"line":5,"column":13}},"5":{"start":{"line":5,"column":14},"end":{"line":8,"column":12}}},"fnMap":{"0":{"name":"_interopRequireDefault","decl":{"start":{"line":1,"column":175},"end":{"line":1,"column":197}},"loc":{"start":{"line":1,"column":203},"end":{"line":1,"column":259}},"line":1}},"branchMap":{"0":{"loc":{"start":{"line":1,"column":211},"end":{"line":1,"column":257}},"type":"cond-expr","locations":[{"start":{"line":1,"column":235},"end":{"line":1,"column":238}},{"start":{"line":1,"column":241},"end":{"line":1,"column":257}}],"line":1},"1":{"loc":{"start":{"line":1,"column":211},"end":{"line":1,"column":232}},"type":"binary-expr","locations":[{"start":{"line":1,"column":211},"end":{"line":1,"column":214}},{"start":{"line":1,"column":218},"end":{"line":1,"column":232}}],"line":1}},"s":{"0":0,"1":0,"2":0,"3":0,"4":0,"5":0},"f":{"0":0},"b":{"0":[0,0],"1":[0,0]}}
,"/Users/jeremy/Documents/dev/github/my-boilerplate/frontend/src/reducers/fieldReducer.js": {"path":"/Users/jeremy/Documents/dev/github/my-boilerplate/frontend/src/reducers/fieldReducer.js","statementMap":{"0":{"start":{"line":1,"column":13},"end":{"line":1,"column":75}},"1":{"start":{"line":1,"column":92},"end":{"line":1,"column":112}},"2":{"start":{"line":1,"column":131},"end":{"line":1,"column":165}},"3":{"start":{"line":2,"column":19},"end":{"line":2,"column":52}},"4":{"start":{"line":2,"column":73},"end":{"line":2,"column":109}},"5":{"start":{"line":4,"column":19},"end":{"line":4,"column":52}},"6":{"start":{"line":4,"column":91},"end":{"line":4,"column":145}},"7":{"start":{"line":7,"column":21},"end":{"line":21,"column":1}},"8":{"start":{"line":9,"column":1},"end":{"line":19,"column":18}},"9":{"start":{"line":11,"column":4},"end":{"line":16,"column":7}},"10":{"start":{"line":12,"column":5},"end":{"line":14,"column":29}},"11":{"start":{"line":19,"column":3},"end":{"line":19,"column":17}},"12":{"start":{"line":21,"column":2},"end":{"line":23,"column":13}}},"fnMap":{"0":{"name":"_interopRequireDefault","decl":{"start":{"line":4,"column":62},"end":{"line":4,"column":84}},"loc":{"start":{"line":4,"column":90},"end":{"line":4,"column":146}},"line":4},"1":{"name":"(anonymous_1)","decl":{"start":{"line":7,"column":21},"end":{"line":7,"column":22}},"loc":{"start":{"line":7,"column":71},"end":{"line":21,"column":1}},"line":7},"2":{"name":"(anonymous_2)","decl":{"start":{"line":11,"column":65},"end":{"line":11,"column":66}},"loc":{"start":{"line":11,"column":74},"end":{"line":16,"column":5}},"line":11}},"branchMap":{"0":{"loc":{"start":{"line":4,"column":98},"end":{"line":4,"column":144}},"type":"cond-expr","locations":[{"start":{"line":4,"column":122},"end":{"line":4,"column":125}},{"start":{"line":4,"column":128},"end":{"line":4,"column":144}}],"line":4},"1":{"loc":{"start":{"line":4,"column":98},"end":{"line":4,"column":119}},"type":"binary-expr","locations":[{"start":{"line":4,"column":98},"end":{"line":4,"column":101}},{"start":{"line":4,"column":105},"end":{"line":4,"column":119}}],"line":4},"2":{"loc":{"start":{"line":7,"column":22},"end":{"line":7,"column":58}},"type":"default-arg","locations":[{"start":{"line":7,"column":31},"end":{"line":7,"column":58}}],"line":7},"3":{"loc":{"start":{"line":9,"column":1},"end":{"line":19,"column":18}},"type":"switch","locations":[{"start":{"line":10,"column":2},"end":{"line":17,"column":4}},{"start":{"line":18,"column":2},"end":{"line":19,"column":17}}],"line":9}},"s":{"0":0,"1":0,"2":0,"3":0,"4":0,"5":0,"6":0,"7":0,"8":0,"9":0,"10":0,"11":0,"12":0},"f":{"0":0,"1":0,"2":0},"b":{"0":[0,0],"1":[0,0],"2":[0],"3":[0,0]}}
,"/Users/jeremy/Documents/dev/github/my-boilerplate/frontend/src/reducers/index.js": {"path":"/Users/jeremy/Documents/dev/github/my-boilerplate/frontend/src/reducers/index.js","statementMap":{"0":{"start":{"line":1,"column":13},"end":{"line":1,"column":75}},"1":{"start":{"line":2,"column":20},"end":{"line":2,"column":45}},"2":{"start":{"line":2,"column":67},"end":{"line":2,"column":104}},"3":{"start":{"line":3,"column":13},"end":{"line":3,"column":29}},"4":{"start":{"line":3,"column":68},"end":{"line":3,"column":122}},"5":{"start":{"line":5,"column":20},"end":{"line":6,"column":34}},"6":{"start":{"line":6,"column":35},"end":{"line":8,"column":12}}},"fnMap":{"0":{"name":"_interopRequireDefault","decl":{"start":{"line":3,"column":39},"end":{"line":3,"column":61}},"loc":{"start":{"line":3,"column":67},"end":{"line":3,"column":123}},"line":3}},"branchMap":{"0":{"loc":{"start":{"line":3,"column":75},"end":{"line":3,"column":121}},"type":"cond-expr","locations":[{"start":{"line":3,"column":99},"end":{"line":3,"column":102}},{"start":{"line":3,"column":105},"end":{"line":3,"column":121}}],"line":3},"1":{"loc":{"start":{"line":3,"column":75},"end":{"line":3,"column":96}},"type":"binary-expr","locations":[{"start":{"line":3,"column":75},"end":{"line":3,"column":78}},{"start":{"line":3,"column":82},"end":{"line":3,"column":96}}],"line":3}},"s":{"0":0,"1":0,"2":0,"3":0,"4":0,"5":0,"6":0},"f":{"0":0},"b":{"0":[0,0],"1":[0,0]}}
,"/Users/jeremy/Documents/dev/github/my-boilerplate/frontend/src/utils/auth.js": {"path":"/Users/jeremy/Documents/dev/github/my-boilerplate/frontend/src/utils/auth.js","statementMap":{"0":{"start":{"line":1,"column":31},"end":{"line":3,"column":1}},"1":{"start":{"line":2,"column":1},"end":{"line":2,"column":27}}},"fnMap":{"0":{"name":"(anonymous_0)","decl":{"start":{"line":1,"column":31},"end":{"line":1,"column":32}},"loc":{"start":{"line":1,"column":41},"end":{"line":3,"column":1}},"line":1}},"branchMap":{"0":{"loc":{"start":{"line":2,"column":8},"end":{"line":2,"column":27}},"type":"cond-expr","locations":[{"start":{"line":2,"column":15},"end":{"line":2,"column":19}},{"start":{"line":2,"column":22},"end":{"line":2,"column":27}}],"line":2}},"s":{"0":1,"1":0},"f":{"0":0},"b":{"0":[0,0]},"_coverageSchema":"332fd63041d2c1bcb487cc26dd0d5f7d97098a6c","hash":"79af5b8ae8633ab3caaaffaf19dcb73023cdc1c7"}
,"/Users/jeremy/Documents/dev/github/my-boilerplate/frontend/src/utils/registerServiceWorker.js": {"path":"/Users/jeremy/Documents/dev/github/my-boilerplate/frontend/src/utils/registerServiceWorker.js","statementMap":{"0":{"start":{"line":1,"column":13},"end":{"line":1,"column":75}},"1":{"start":{"line":1,"column":75},"end":{"line":21,"column":9}},"2":{"start":{"line":21,"column":9},"end":{"line":102,"column":24}},"3":{"start":{"line":109,"column":20},"end":{"line":111,"column":89}},"4":{"start":{"line":111,"column":111},"end":{"line":117,"column":44}},"5":{"start":{"line":112,"column":22},"end":{"line":112,"column":70}},"6":{"start":{"line":112,"column":71},"end":{"line":115,"column":14}},"7":{"start":{"line":115,"column":6},"end":{"line":115,"column":13}},"8":{"start":{"line":115,"column":14},"end":{"line":117,"column":43}},"9":{"start":{"line":115,"column":67},"end":{"line":115,"column":112}},"10":{"start":{"line":115,"column":113},"end":{"line":117,"column":40}},"11":{"start":{"line":116,"column":8},"end":{"line":116,"column":31}},"12":{"start":{"line":117,"column":8},"end":{"line":117,"column":39}},"13":{"start":{"line":117,"column":78},"end":{"line":124,"column":156}},"14":{"start":{"line":117,"column":140},"end":{"line":124,"column":68}},"15":{"start":{"line":117,"column":201},"end":{"line":117,"column":224}},"16":{"start":{"line":117,"column":225},"end":{"line":124,"column":66}},"17":{"start":{"line":117,"column":265},"end":{"line":124,"column":64}},"18":{"start":{"line":117,"column":310},"end":{"line":124,"column":63}},"19":{"start":{"line":121,"column":12},"end":{"line":121,"column":69}},"20":{"start":{"line":124,"column":12},"end":{"line":124,"column":62}},"21":{"start":{"line":124,"column":87},"end":{"line":124,"column":153}},"22":{"start":{"line":125,"column":2},"end":{"line":128,"column":126}},"23":{"start":{"line":126,"column":4},"end":{"line":128,"column":30}},"24":{"start":{"line":127,"column":6},"end":{"line":127,"column":127}},"25":{"start":{"line":127,"column":58},"end":{"line":127,"column":124}},"26":{"start":{"line":127,"column":96},"end":{"line":127,"column":121}},"27":{"start":{"line":128,"column":6},"end":{"line":128,"column":29}},"28":{"start":{"line":128,"column":46},"end":{"line":128,"column":123}},"29":{"start":{"line":128,"column":150},"end":{"line":128,"column":267}},"30":{"start":{"line":128,"column":185},"end":{"line":128,"column":266}},"31":{"start":{"line":128,"column":237},"end":{"line":128,"column":263}}},"fnMap":{"0":{"name":"register","decl":{"start":{"line":111,"column":99},"end":{"line":111,"column":107}},"loc":{"start":{"line":111,"column":110},"end":{"line":117,"column":45}},"line":111},"1":{"name":"(anonymous_1)","decl":{"start":{"line":115,"column":46},"end":{"line":115,"column":47}},"loc":{"start":{"line":115,"column":52},"end":{"line":117,"column":41}},"line":115},"2":{"name":"registerValidSW","decl":{"start":{"line":117,"column":54},"end":{"line":117,"column":69}},"loc":{"start":{"line":117,"column":77},"end":{"line":124,"column":157}},"line":117},"3":{"name":"(anonymous_3)","decl":{"start":{"line":117,"column":123},"end":{"line":117,"column":124}},"loc":{"start":{"line":117,"column":139},"end":{"line":124,"column":69}},"line":117},"4":{"name":"(anonymous_4)","decl":{"start":{"line":117,"column":169},"end":{"line":117,"column":170}},"loc":{"start":{"line":117,"column":175},"end":{"line":124,"column":67}},"line":117},"5":{"name":"(anonymous_5)","decl":{"start":{"line":117,"column":258},"end":{"line":117,"column":259}},"loc":{"start":{"line":117,"column":264},"end":{"line":124,"column":65}},"line":117},"6":{"name":"(anonymous_6)","decl":{"start":{"line":124,"column":77},"end":{"line":124,"column":78}},"loc":{"start":{"line":124,"column":86},"end":{"line":124,"column":154}},"line":124},"7":{"name":"checkValidServiceWorker","decl":{"start":{"line":124,"column":166},"end":{"line":124,"column":189}},"loc":{"start":{"line":124,"column":197},"end":{"line":128,"column":127}},"line":124},"8":{"name":"(anonymous_8)","decl":{"start":{"line":125,"column":20},"end":{"line":125,"column":21}},"loc":{"start":{"line":125,"column":32},"end":{"line":128,"column":31}},"line":125},"9":{"name":"(anonymous_9)","decl":{"start":{"line":127,"column":41},"end":{"line":127,"column":42}},"loc":{"start":{"line":127,"column":57},"end":{"line":127,"column":125}},"line":127},"10":{"name":"(anonymous_10)","decl":{"start":{"line":127,"column":89},"end":{"line":127,"column":90}},"loc":{"start":{"line":127,"column":95},"end":{"line":127,"column":122}},"line":127},"11":{"name":"(anonymous_11)","decl":{"start":{"line":128,"column":39},"end":{"line":128,"column":40}},"loc":{"start":{"line":128,"column":45},"end":{"line":128,"column":124}},"line":128},"12":{"name":"unregister","decl":{"start":{"line":128,"column":136},"end":{"line":128,"column":146}},"loc":{"start":{"line":128,"column":149},"end":{"line":128,"column":268}},"line":128},"13":{"name":"(anonymous_13)","decl":{"start":{"line":128,"column":220},"end":{"line":128,"column":221}},"loc":{"start":{"line":128,"column":236},"end":{"line":128,"column":264}},"line":128}},"branchMap":{"0":{"loc":{"start":{"line":109,"column":28},"end":{"line":111,"column":88}},"type":"binary-expr","locations":[{"start":{"line":109,"column":28},"end":{"line":109,"column":68}},{"start":{"line":110,"column":0},"end":{"line":110,"column":36}},{"start":{"line":111,"column":0},"end":{"line":111,"column":88}}],"line":109},"1":{"loc":{"start":{"line":111,"column":111},"end":{"line":117,"column":44}},"type":"if","locations":[{"start":{"line":111,"column":111},"end":{"line":117,"column":44}},{"start":{"line":111,"column":111},"end":{"line":117,"column":44}}],"line":111},"2":{"loc":{"start":{"line":111,"column":115},"end":{"line":111,"column":184}},"type":"binary-expr","locations":[{"start":{"line":111,"column":115},"end":{"line":111,"column":152}},{"start":{"line":111,"column":156},"end":{"line":111,"column":184}}],"line":111},"3":{"loc":{"start":{"line":112,"column":71},"end":{"line":115,"column":14}},"type":"if","locations":[{"start":{"line":112,"column":71},"end":{"line":115,"column":14}},{"start":{"line":112,"column":71},"end":{"line":115,"column":14}}],"line":112},"4":{"loc":{"start":{"line":115,"column":113},"end":{"line":117,"column":40}},"type":"if","locations":[{"start":{"line":115,"column":113},"end":{"line":117,"column":40}},{"start":{"line":115,"column":113},"end":{"line":117,"column":40}}],"line":115},"5":{"loc":{"start":{"line":117,"column":265},"end":{"line":124,"column":64}},"type":"if","locations":[{"start":{"line":117,"column":265},"end":{"line":124,"column":64}},{"start":{"line":117,"column":265},"end":{"line":124,"column":64}}],"line":117},"6":{"loc":{"start":{"line":117,"column":310},"end":{"line":124,"column":63}},"type":"if","locations":[{"start":{"line":117,"column":310},"end":{"line":124,"column":63}},{"start":{"line":117,"column":310},"end":{"line":124,"column":63}}],"line":117},"7":{"loc":{"start":{"line":126,"column":4},"end":{"line":128,"column":30}},"type":"if","locations":[{"start":{"line":126,"column":4},"end":{"line":128,"column":30}},{"start":{"line":126,"column":4},"end":{"line":128,"column":30}}],"line":126},"8":{"loc":{"start":{"line":126,"column":8},"end":{"line":126,"column":100}},"type":"binary-expr","locations":[{"start":{"line":126,"column":8},"end":{"line":126,"column":31}},{"start":{"line":126,"column":35},"end":{"line":126,"column":100}}],"line":126},"9":{"loc":{"start":{"line":128,"column":150},"end":{"line":128,"column":267}},"type":"if","locations":[{"start":{"line":128,"column":150},"end":{"line":128,"column":267}},{"start":{"line":128,"column":150},"end":{"line":128,"column":267}}],"line":128}},"s":{"0":0,"1":0,"2":0,"3":0,"4":0,"5":0,"6":0,"7":0,"8":0,"9":0,"10":0,"11":0,"12":0,"13":0,"14":0,"15":0,"16":0,"17":0,"18":0,"19":0,"20":0,"21":0,"22":0,"23":0,"24":0,"25":0,"26":0,"27":0,"28":0,"29":0,"30":0,"31":0},"f":{"0":0,"1":0,"2":0,"3":0,"4":0,"5":0,"6":0,"7":0,"8":0,"9":0,"10":0,"11":0,"12":0,"13":0},"b":{"0":[0,0,0],"1":[0,0],"2":[0,0],"3":[0,0],"4":[0,0],"5":[0,0],"6":[0,0],"7":[0,0],"8":[0,0],"9":[0,0]}}
}
